0 info it worked if it ends with ok
1 verbose cli [ 'D:\\Program Files\\nodejs\\node.exe',
1 verbose cli   'C:\\Users\\xm.ren\\AppData\\Roaming\\npm\\node_modules\\cnpm\\node_modules\\npm\\bin\\npm-cli.js',
1 verbose cli   '--userconfig=C:\\Users\\xm.ren\\.cnpmrc',
1 verbose cli   '--disturl=https://npm.taobao.org/mirrors/node',
1 verbose cli   '--registry=https://registry.npm.taobao.org',
1 verbose cli   'run',
1 verbose cli   'server' ]
2 info using npm@3.10.10
3 info using node@v6.10.2
4 verbose run-script [ 'preserver', 'server', 'postserver' ]
5 info lifecycle my-note@1.0.0~preserver: my-note@1.0.0
6 silly lifecycle my-note@1.0.0~preserver: no script for preserver, continuing
7 info lifecycle my-note@1.0.0~server: my-note@1.0.0
8 verbose lifecycle my-note@1.0.0~server: unsafe-perm in lifecycle true
9 verbose lifecycle my-note@1.0.0~server: PATH: C:\Users\xm.ren\AppData\Roaming\npm\node_modules\cnpm\node_modules\npm\bin\node-gyp-bin;F:\demos\my-note\node_modules\.bin;C:\Program Files (x86)\Intel\iCLS Client\;C:\Program Files\Intel\iCLS Client\;C:\ProgramData\Oracle\Java\javapath;C:\WINDOWS\system32;C:\WINDOWS;C:\WINDOWS\System32\Wbem;C:\WINDOWS\System32\WindowsPowerShell\v1.0\;C:\Program Files\Intel\Intel(R) Management Engine Components\DAL;C:\Program Files (x86)\Intel\Intel(R) Management Engine Components\DAL;C:\Program Files\Intel\Intel(R) Management Engine Components\IPT;C:\Program Files (x86)\Intel\Intel(R) Management Engine Components\IPT;D:\Program Files\Java\jdk1.8.0_66\bin;D:\Program Files\Git\cmd;D:\Program Files (x86)\Brackets\command;D:\Program Files\nodejs\;D:\Ruby23-x64\bin;D:\Program Files (x86)\Microsoft VS Code\bin;C:\Users\xm.ren\AppData\Roaming\npm;%USERPROFILE%\AppData\Local\Microsoft\WindowsApps;
10 verbose lifecycle my-note@1.0.0~server: CWD: F:\demos\my-note
11 silly lifecycle my-note@1.0.0~server: Args: [ '/d /s /c', 'node ./server/server.js' ]
12 verbose stack Error: kill ENOSYS
12 verbose stack     at exports._errnoException (util.js:1018:11)
12 verbose stack     at process.kill (internal/process.js:190:13)
12 verbose stack     at process.listener (C:\Users\xm.ren\AppData\Roaming\npm\node_modules\cnpm\node_modules\npm\node_modules\npmlog\node_modules\gauge\node_modules\signal-exit\index.js:86:15)
12 verbose stack     at emitNone (events.js:91:20)
12 verbose stack     at process.emit (events.js:185:7)
12 verbose stack     at processEmit (C:\Users\xm.ren\AppData\Roaming\npm\node_modules\cnpm\node_modules\npm\node_modules\npmlog\node_modules\gauge\node_modules\signal-exit\index.js:146:32)
12 verbose stack     at processEmit (C:\Users\xm.ren\AppData\Roaming\npm\node_modules\cnpm\node_modules\npm\node_modules\npm-registry-client\node_modules\npmlog\node_modules\gauge\node_modules\signal-exit\index.js:146:32)
12 verbose stack     at Signal.wrap.onsignal (internal/process.js:217:44)
13 verbose cwd F:\demos\my-note
14 error Windows_NT 10.0.15063
15 error argv "D:\\Program Files\\nodejs\\node.exe" "C:\\Users\\xm.ren\\AppData\\Roaming\\npm\\node_modules\\cnpm\\node_modules\\npm\\bin\\npm-cli.js" "--userconfig=C:\\Users\\xm.ren\\.cnpmrc" "--disturl=https://npm.taobao.org/mirrors/node" "--registry=https://registry.npm.taobao.org" "run" "server"
16 error node v6.10.2
17 error npm  v3.10.10
18 error code ENOSYS
19 error errno ENOSYS
20 error syscall kill
21 error kill ENOSYS
22 error If you need help, you may report this error at:
22 error     <https://github.com/npm/npm/issues>
23 verbose exit [ 1, true ]
